2026-06-24 00:31:55 [trader_server] INFO: Logging initialized (level=INFO, file=D:\CodeProject\Python\EC_project\Trader_Server\data\logs\ts_20260624.log)
2026-06-24 00:31:55 [trader_server] INFO: Config loaded from D:\CodeProject\Python\EC_project\Trader_Server\data\config.json
2026-06-24 00:31:55 [trader_server] INFO: Config loaded from D:\CodeProject\Python\EC_project\Trader_Server\data\config.json
2026-06-24 00:31:55 [trader_server.registration] INFO: Restored session: server_id=node_trader-node-01_3a497375
2026-06-24 00:31:55 [trader_server.registration] INFO: Testing connection: http://127.0.0.1:8800/ping
2026-06-24 00:31:55 [trader_server.registration] INFO: Connection OK: {'status': 'pong'}
2026-06-24 00:31:55 [trader_server.heartbeat] INFO: Heartbeat started (interval=20s)
2026-06-24 00:31:55 [trader_server.api.tastytrade] WARNING: Tastytrade SDK not available, TastytradeBroker will be non-functional
2026-06-24 00:31:55 [trader_server.api.ib] WARNING: ibapi not installed, IBBroker will be non-functional
2026-06-24 00:31:57 [trader_server.config_sync] INFO: Config event listener started
2026-06-24 00:31:57 [trader_server.config_sync] INFO: check_andreload: source=heartbeat, version changed 0 → 1, pulling new config...
2026-06-24 00:31:57 [trader_server.api.factory] INFO: [BrokerFactory] created TastytradeBroker (type=tt)
2026-06-24 00:31:57 [trader_server.api.tastytrade] ERROR: Tastytrade SDK not installed
2026-06-24 00:31:57 [trader_server.config_sync] ERROR: _do_hot_reload: TT connect failed after reload
2026-06-24 00:31:57 [trader_server.config_sync] INFO: Broker status broadcast: TT → reload_failed
2026-06-24 00:32:00 [trader_server.ws_server] INFO: [sess_b2b2fc40f552cabb] WS connected from 127.0.0.1:60992
2026-06-24 00:32:00 [trader_server.msg_log] INFO: [sess_b2b2fc40f552cabb][trc_runtime_check_1] Client 已连接 127.0.0.1:60992
2026-06-24 00:33:22 [trader_server] INFO: Logging initialized (level=INFO, file=D:\CodeProject\Python\EC_project\Trader_Server\data\logs\ts_20260624.log)
2026-06-24 00:33:22 [trader_server] INFO: Config loaded from D:\CodeProject\Python\EC_project\Trader_Server\data\config.json
2026-06-24 00:33:22 [trader_server] INFO: Config loaded from D:\CodeProject\Python\EC_project\Trader_Server\data\config.json
2026-06-24 00:33:22 [trader_server.registration] INFO: Restored session: server_id=node_trader-node-01_3a497375
2026-06-24 00:33:22 [trader_server.registration] INFO: Testing connection: http://127.0.0.1:8800/ping
2026-06-24 00:33:22 [trader_server.registration] INFO: Connection OK: {'status': 'pong'}
2026-06-24 00:33:22 [trader_server.heartbeat] INFO: Heartbeat started (interval=20s)
2026-06-24 00:33:22 [trader_server.api.tastytrade] WARNING: Tastytrade SDK not available, TastytradeBroker will be non-functional
2026-06-24 00:33:22 [trader_server.api.ib] WARNING: ibapi not installed, IBBroker will be non-functional
2026-06-24 00:33:23 [trader_server.config_sync] INFO: Config event listener started
2026-06-24 00:33:23 [trader_server.config_sync] INFO: check_andreload: source=heartbeat, version changed 0 → 1, pulling new config...
2026-06-24 00:33:23 [trader_server.api.factory] INFO: [BrokerFactory] created TastytradeBroker (type=tt)
2026-06-24 00:33:23 [trader_server.api.tastytrade] ERROR: Tastytrade SDK not installed
2026-06-24 00:33:23 [trader_server.config_sync] ERROR: _do_hot_reload: TT connect failed after reload
2026-06-24 00:33:23 [trader_server.config_sync] INFO: Broker status broadcast: TT → reload_failed
2026-06-24 00:34:12 [trader_server] INFO: Logging initialized (level=INFO, file=D:\CodeProject\Python\EC_project\Trader_Server\data\logs\ts_20260624.log)
2026-06-24 00:34:12 [trader_server] INFO: Config loaded from D:\CodeProject\Python\EC_project\Trader_Server\data\config.json
2026-06-24 00:34:12 [trader_server] INFO: Config loaded from D:\CodeProject\Python\EC_project\Trader_Server\data\config.json
2026-06-24 00:34:12 [trader_server.registration] INFO: Restored session: server_id=node_trader-node-01_3a497375
2026-06-24 00:34:12 [trader_server.registration] INFO: Testing connection: http://127.0.0.1:8800/ping
2026-06-24 00:34:12 [trader_server.registration] INFO: Connection OK: {'status': 'pong'}
2026-06-24 00:34:12 [trader_server.heartbeat] INFO: Heartbeat started (interval=20s)
2026-06-24 00:34:12 [trader_server.api.tastytrade] WARNING: Tastytrade SDK not available, TastytradeBroker will be non-functional
2026-06-24 00:34:12 [trader_server.api.ib] WARNING: ibapi not installed, IBBroker will be non-functional
2026-06-24 00:34:13 [trader_server.config_sync] INFO: Config event listener started
2026-06-24 00:34:13 [trader_server.config_sync] INFO: check_andreload: source=heartbeat, version changed 0 → 1, pulling new config...
2026-06-24 00:34:13 [trader_server.api.factory] INFO: [BrokerFactory] created TastytradeBroker (type=tt)
2026-06-24 00:34:13 [trader_server.api.tastytrade] ERROR: Tastytrade SDK not installed
2026-06-24 00:34:13 [trader_server.config_sync] ERROR: _do_hot_reload: TT connect failed after reload
2026-06-24 00:34:13 [trader_server.config_sync] INFO: Broker status broadcast: TT → reload_failed
2026-06-24 00:34:17 [trader_server.ws_server] INFO: [sess_8998b1fb37a57d21] WS connected from 127.0.0.1:50232
2026-06-24 00:34:17 [trader_server.msg_log] INFO: [sess_8998b1fb37a57d21][trc1] Client 已连接 127.0.0.1:50232
2026-06-24 00:37:22 [trader_server] INFO: Logging initialized (level=INFO, file=D:\CodeProject\Python\EC_project\Trader_Server\data\logs\ts_20260624.log)
2026-06-24 00:37:22 [trader_server] INFO: Config loaded from D:\CodeProject\Python\EC_project\Trader_Server\data\config.json
2026-06-24 00:37:22 [trader_server] INFO: Config loaded from D:\CodeProject\Python\EC_project\Trader_Server\data\config.json
2026-06-24 00:37:22 [trader_server.registration] INFO: Restored session: server_id=node_trader-node-01_3a497375
2026-06-24 00:37:22 [trader_server.registration] INFO: Testing connection: http://127.0.0.1:8800/ping
2026-06-24 00:37:22 [trader_server.registration] INFO: Connection OK: {'status': 'pong'}
2026-06-24 00:37:22 [trader_server.heartbeat] INFO: Heartbeat started (interval=20s)
2026-06-24 00:37:22 [trader_server.api.tastytrade] WARNING: Tastytrade SDK not available, TastytradeBroker will be non-functional
2026-06-24 00:37:22 [trader_server.api.ib] WARNING: ibapi not installed, IBBroker will be non-functional
2026-06-24 00:37:23 [trader_server.config_sync] INFO: Config event listener started
2026-06-24 00:37:23 [trader_server.config_sync] INFO: check_andreload: source=heartbeat, version changed 0 → 1, pulling new config...
2026-06-24 00:37:23 [trader_server.api.factory] INFO: [BrokerFactory] created TastytradeBroker (type=tt)
2026-06-24 00:37:23 [trader_server.api.tastytrade] ERROR: Tastytrade SDK not installed
2026-06-24 00:37:23 [trader_server.config_sync] ERROR: _do_hot_reload: TT connect failed after reload
2026-06-24 00:37:23 [trader_server.config_sync] INFO: Broker status broadcast: TT → reload_failed
2026-06-24 00:37:27 [trader_server.ws_server] INFO: [sess_3a7e8bbfacd8dcbb] WS connected from 127.0.0.1:50649
2026-06-24 00:37:27 [trader_server.msg_log] INFO: [sess_3a7e8bbfacd8dcbb][trc1] Client 已连接 127.0.0.1:50649
2026-06-24 00:38:41 [trader_server] INFO: Logging initialized (level=INFO, file=D:\CodeProject\Python\EC_project\Trader_Server\data\logs\ts_20260624.log)
2026-06-24 00:38:41 [trader_server] INFO: Config loaded from D:\CodeProject\Python\EC_project\Trader_Server\data\config.json
2026-06-24 00:38:41 [trader_server] INFO: Config loaded from D:\CodeProject\Python\EC_project\Trader_Server\data\config.json
2026-06-24 00:38:41 [trader_server.registration] INFO: Restored session: server_id=node_trader-node-01_3a497375
2026-06-24 00:38:41 [trader_server.registration] INFO: Testing connection: http://127.0.0.1:8800/ping
2026-06-24 00:38:41 [trader_server.registration] INFO: Connection OK: {'status': 'pong'}
2026-06-24 00:38:41 [trader_server.heartbeat] INFO: Heartbeat started (interval=20s)
2026-06-24 00:38:41 [trader_server.api.tastytrade] WARNING: Tastytrade SDK not available, TastytradeBroker will be non-functional
2026-06-24 00:38:41 [trader_server.api.ib] WARNING: ibapi not installed, IBBroker will be non-functional
2026-06-24 00:38:42 [trader_server.config_sync] INFO: Config event listener started
2026-06-24 00:38:42 [trader_server.config_sync] INFO: check_andreload: source=heartbeat, version changed 0 → 1, pulling new config...
2026-06-24 00:38:42 [trader_server.api.factory] INFO: [BrokerFactory] created TastytradeBroker (type=tt)
2026-06-24 00:38:42 [trader_server.api.tastytrade] ERROR: Tastytrade SDK not installed
2026-06-24 00:38:42 [trader_server.config_sync] ERROR: _do_hot_reload: TT connect failed after reload
2026-06-24 00:38:42 [trader_server.config_sync] INFO: Broker status broadcast: TT → reload_failed
2026-06-24 00:38:46 [trader_server.ws_server] INFO: [sess_bb732cb9801ea6a1] WS connected from 127.0.0.1:61302
2026-06-24 00:38:46 [trader_server.msg_log] INFO: [sess_bb732cb9801ea6a1][trc1] Client 已连接 127.0.0.1:61302
2026-06-24 00:38:46 [trader_server.msg_log] INFO: [sess_bb732cb9801ea6a1][trc1] 认证通过 ✓
2026-06-24 00:38:46 [trader_server.ws_server] INFO: [sess_bb732cb9801ea6a1] Auth OK, connection established
2026-06-24 00:38:46 [trader_server.msg_log] INFO: [sess_bb732cb9801ea6a1][trc2] [BROKER_LOGIN]
2026-06-24 00:38:46 [trader_server.msg_log] INFO: [sess_bb732cb9801ea6a1][trc2] [BROKER_LOGIN_RESPONSE]
2026-06-24 00:38:46 [trader_server.msg_log] INFO: [sess_bb732cb9801ea6a1][trc3] [BROKER_STATUS_QUERY]
2026-06-24 00:38:46 [trader_server.msg_log] INFO: [sess_bb732cb9801ea6a1][trc3] [BROKER_STATUS_RESPONSE]
2026-06-24 00:38:46 [trader_server.ws_server] INFO: [sess_bb732cb9801ea6a1] WS disconnected by client
2026-06-24 00:38:46 [trader_server.ws_server] INFO: [sess_bb732cb9801ea6a1] Connection cleaned up (remaining connections: 0)
2026-06-24 00:38:46 [trader_server.msg_log] INFO: [sess_bb732cb9801ea6a1] Client 断开连接
2026-06-24 00:38:47 [trader_server.ws_server] INFO: [sess_5961169c3616b391] WS connected from 127.0.0.1:61304
2026-06-24 00:38:47 [trader_server.msg_log] INFO: [sess_5961169c3616b391][trc4] Client 已连接 127.0.0.1:61304
2026-06-24 00:38:47 [trader_server.msg_log] INFO: [sess_5961169c3616b391][trc4] 认证通过 ✓
2026-06-24 00:38:47 [trader_server.ws_server] INFO: [sess_5961169c3616b391] Auth OK, connection established
2026-06-24 00:39:36 [trader_server] INFO: Logging initialized (level=INFO, file=D:\CodeProject\Python\EC_project\Trader_Server\data\logs\ts_20260624.log)
2026-06-24 00:39:36 [trader_server] INFO: Config loaded from D:\CodeProject\Python\EC_project\Trader_Server\data\config.json
2026-06-24 00:39:36 [trader_server] INFO: Config loaded from D:\CodeProject\Python\EC_project\Trader_Server\data\config.json
2026-06-24 00:39:36 [trader_server.registration] INFO: Restored session: server_id=node_trader-node-01_3a497375
2026-06-24 00:39:36 [trader_server.registration] INFO: Testing connection: http://127.0.0.1:8800/ping
2026-06-24 00:39:36 [trader_server.registration] INFO: Connection OK: {'status': 'pong'}
2026-06-24 00:39:36 [trader_server.heartbeat] INFO: Heartbeat started (interval=20s)
2026-06-24 00:39:36 [trader_server.api.tastytrade] WARNING: Tastytrade SDK not available, TastytradeBroker will be non-functional
2026-06-24 00:39:36 [trader_server.api.ib] WARNING: ibapi not installed, IBBroker will be non-functional
2026-06-24 00:39:37 [trader_server.config_sync] INFO: Config event listener started
2026-06-24 00:39:37 [trader_server.config_sync] INFO: check_andreload: source=heartbeat, version changed 0 → 1, pulling new config...
2026-06-24 00:39:37 [trader_server.api.factory] INFO: [BrokerFactory] created TastytradeBroker (type=tt)
2026-06-24 00:39:37 [trader_server.api.tastytrade] ERROR: Tastytrade SDK not installed
2026-06-24 00:39:37 [trader_server.config_sync] ERROR: _do_hot_reload: TT connect failed after reload
2026-06-24 00:39:37 [trader_server.config_sync] INFO: Broker status broadcast: TT → reload_failed
2026-06-24 00:39:41 [trader_server.ws_server] INFO: [sess_410b5b3fc3f6eefb] WS connected from 127.0.0.1:64403
2026-06-24 00:39:41 [trader_server.msg_log] INFO: [sess_410b5b3fc3f6eefb][trc1] Client 已连接 127.0.0.1:64403
2026-06-24 00:39:41 [trader_server.msg_log] INFO: [sess_410b5b3fc3f6eefb][trc1] 认证通过 ✓
2026-06-24 00:39:41 [trader_server.ws_server] INFO: [sess_410b5b3fc3f6eefb] Auth OK, connection established
2026-06-24 00:39:41 [trader_server.msg_log] INFO: [sess_410b5b3fc3f6eefb][trc2] [BROKER_LOGIN]
2026-06-24 00:39:41 [trader_server.msg_log] INFO: [sess_410b5b3fc3f6eefb][trc2] [BROKER_LOGIN_RESPONSE]
2026-06-24 00:39:41 [trader_server.msg_log] INFO: [sess_410b5b3fc3f6eefb][trc3] 持仓查询
2026-06-24 00:39:41 [trader_server.api.factory] INFO: [BrokerFactory] created TastytradeBroker (type=tt)
2026-06-24 00:39:41 [trader_server.api.tastytrade] ERROR: Tastytrade SDK not installed
2026-06-24 00:39:41 [trader_server.config_sync] ERROR: _do_hot_reload: TT connect failed after reload
2026-06-24 00:39:41 [trader_server.config_sync] INFO: Broker status broadcast: TT → reload_failed
2026-06-24 00:39:41 [trader_server.msg_log] INFO: [sess_410b5b3fc3f6eefb][trc3] 持仓查询失败
2026-06-24 00:39:41 [trader_server.ws_server] INFO: [sess_410b5b3fc3f6eefb] WS disconnected by client
2026-06-24 00:39:41 [trader_server.ws_server] INFO: [sess_410b5b3fc3f6eefb] Connection cleaned up (remaining connections: 0)
