2026-07-09 00:16:01 [trader_server] INFO: Logging initialized (level=INFO, file=D:\CodeProject\Python\EC_project\Trader_Server\data\logs\ts_20260709.log)
2026-07-09 00:16:01 [trader_server] INFO: Config loaded from D:\CodeProject\Python\EC_project\Trader_Server\data\config.json
2026-07-09 00:16:01 [trader_server] INFO: Config loaded from D:\CodeProject\Python\EC_project\Trader_Server\data\config.json
2026-07-09 00:16:01 [trader_server.registration] INFO: Restored session: server_id=node_trader-node-01_7ae7b2c7
2026-07-09 00:16:01 [trader_server.registration] INFO: Testing connection: http://127.0.0.1:8800/ping
2026-07-09 00:16:03 [trader_server.registration] ERROR: Ping failed: <urlopen error [WinError 10061] 由于目标计算机积极拒绝，无法连接。>
2026-07-09 00:16:03 [trader_server.heartbeat] INFO: Heartbeat started (interval=20s)
2026-07-09 00:16:05 [trader_server.heartbeat] WARNING: [#1] Heartbeat exception: <urlopen error [WinError 10061] 由于目标计算机积极拒绝，无法连接。>
2026-07-09 00:16:07 [trader_server.heartbeat] WARNING: [#2] Heartbeat exception: <urlopen error [WinError 10061] 由于目标计算机积极拒绝，无法连接。>
2026-07-09 00:16:08 [trader_server.api.ib] WARNING: ibapi not installed, IBBroker will be non-functional
2026-07-09 00:16:08 [trader_server.config_sync] INFO: Config event listener started
2026-07-09 00:16:11 [trader_server.heartbeat] WARNING: [#3] Heartbeat exception: <urlopen error [WinError 10061] 由于目标计算机积极拒绝，无法连接。>
2026-07-09 00:16:15 [trader_server.heartbeat] WARNING: [#4] Heartbeat exception: <urlopen error [WinError 10061] 由于目标计算机积极拒绝，无法连接。>
2026-07-09 00:27:56 [trader_server] INFO: Logging initialized (level=INFO, file=D:\CodeProject\Python\EC_project\Trader_Server\data\logs\ts_20260709.log)
2026-07-09 00:27:56 [trader_server] INFO: Config loaded from D:\CodeProject\Python\EC_project\Trader_Server\data\config.json
2026-07-09 00:27:56 [trader_server] INFO: Config loaded from D:\CodeProject\Python\EC_project\Trader_Server\data\config.json
2026-07-09 00:27:56 [trader_server.registration] INFO: Restored session: server_id=node_trader-node-01_7ae7b2c7
2026-07-09 00:27:56 [trader_server.registration] INFO: Testing connection: http://127.0.0.1:8800/ping
2026-07-09 00:27:58 [trader_server.registration] ERROR: Ping failed: <urlopen error [WinError 10061] 由于目标计算机积极拒绝，无法连接。>
2026-07-09 00:27:58 [trader_server.heartbeat] INFO: Heartbeat started (interval=20s)
2026-07-09 00:28:00 [trader_server.heartbeat] WARNING: [#1] Heartbeat exception: <urlopen error [WinError 10061] 由于目标计算机积极拒绝，无法连接。>
2026-07-09 00:28:02 [trader_server.heartbeat] WARNING: [#2] Heartbeat exception: <urlopen error [WinError 10061] 由于目标计算机积极拒绝，无法连接。>
2026-07-09 00:28:03 [trader_server.api.ib] WARNING: ibapi not installed, IBBroker will be non-functional
2026-07-09 00:28:03 [trader_server.config_sync] INFO: Config event listener started
2026-07-09 00:28:06 [trader_server.heartbeat] WARNING: [#3] Heartbeat exception: <urlopen error [WinError 10061] 由于目标计算机积极拒绝，无法连接。>
2026-07-09 00:28:10 [trader_server.heartbeat] WARNING: [#4] Heartbeat exception: <urlopen error [WinError 10061] 由于目标计算机积极拒绝，无法连接。>
2026-07-09 00:28:16 [trader_server.heartbeat] WARNING: [#5] Heartbeat exception: <urlopen error [WinError 10061] 由于目标计算机积极拒绝，无法连接。>
2026-07-09 00:28:26 [trader_server.heartbeat] WARNING: [#6] Heartbeat exception: <urlopen error [WinError 10061] 由于目标计算机积极拒绝，无法连接。>
2026-07-09 02:01:17 [trader_server] INFO: Logging initialized (level=INFO, file=D:\CodeProject\Python\EC_project\Trader_Server\data\logs\ts_20260709.log)
2026-07-09 02:01:17 [trader_server] INFO: Config loaded from D:\CodeProject\Python\EC_project\Trader_Server\data\config.json
2026-07-09 02:01:17 [trader_server] INFO: Config loaded from D:\CodeProject\Python\EC_project\Trader_Server\data\config.json
2026-07-09 02:01:17 [trader_server.registration] INFO: Restored session: server_id=node_trader-node-01_7ae7b2c7
2026-07-09 02:01:17 [trader_server.registration] INFO: Testing connection: http://127.0.0.1:8800/ping
2026-07-09 02:01:17 [trader_server.registration] INFO: Connection OK: {'status': 'pong'}
2026-07-09 02:01:17 [trader_server.heartbeat] INFO: Heartbeat started (interval=20s)
2026-07-09 02:01:18 [trader_server.api.ib] WARNING: ibapi not installed, IBBroker will be non-functional
2026-07-09 02:01:19 [trader_server.config_sync] INFO: Config event listener started
2026-07-09 02:01:19 [trader_server.config_sync] INFO: check_andreload: source=heartbeat, version changed 0 → 1, pulling new config...
2026-07-09 02:01:19 [trader_server.api.factory] INFO: [BrokerFactory] created TastytradeBroker (type=tt)
2026-07-09 02:01:21 [httpx] INFO: HTTP Request: POST https://api.tastyworks.com/oauth/token "HTTP/1.1 400 Bad Request"
2026-07-09 02:01:21 [trader_server.api.tastytrade] ERROR: TastytradeBroker connect failed [BROKER_AUTH_INVALID]: Couldn't parse response: {'error_code': 'invalid_grant', 'error_description': 'Invalid JWT'}
2026-07-09 02:01:21 [trader_server.config_sync] ERROR: _do_hot_reload: TT connect failed [BROKER_AUTH_INVALID]: Couldn't parse response: {'error_code': 'invalid_grant', 'error_description': 'Invalid JWT'}
2026-07-09 02:01:21 [trader_server.config_sync] INFO: Broker status broadcast: TT → reload_failed
2026-07-09 02:12:20 [trader_server] INFO: Logging initialized (level=INFO, file=D:\CodeProject\Python\EC_project\Trader_Server\data\logs\ts_20260709.log)
2026-07-09 02:12:20 [trader_server] INFO: Config loaded from D:\CodeProject\Python\EC_project\Trader_Server\data\config.json
2026-07-09 02:12:20 [trader_server] INFO: Config loaded from D:\CodeProject\Python\EC_project\Trader_Server\data\config.json
2026-07-09 02:12:20 [trader_server.registration] INFO: Restored session: server_id=node_trader-node-01_7ae7b2c7
2026-07-09 02:12:20 [trader_server.registration] INFO: Testing connection: http://127.0.0.1:8800/ping
2026-07-09 02:12:20 [trader_server.registration] INFO: Connection OK: {'status': 'pong'}
2026-07-09 02:12:20 [trader_server.heartbeat] INFO: Heartbeat started (interval=20s)
2026-07-09 02:12:21 [trader_server.api.ib] WARNING: ibapi not installed, IBBroker will be non-functional
2026-07-09 02:12:21 [trader_server.config_sync] INFO: Config event listener started
2026-07-09 02:12:21 [trader_server.config_sync] INFO: check_andreload: source=heartbeat, version changed 0 → 1, pulling new config...
2026-07-09 02:12:21 [trader_server.api.factory] INFO: [BrokerFactory] created TastytradeBroker (type=tt)
2026-07-09 02:12:23 [httpx] INFO: HTTP Request: POST https://api.tastyworks.com/oauth/token "HTTP/1.1 400 Bad Request"
2026-07-09 02:12:23 [trader_server.api.tastytrade] ERROR: TastytradeBroker connect failed [BROKER_AUTH_INVALID]: Couldn't parse response: {'error_code': 'invalid_grant', 'error_description': 'Invalid JWT'}
2026-07-09 02:12:23 [trader_server.config_sync] ERROR: _do_hot_reload: TT connect failed [BROKER_AUTH_INVALID]: Couldn't parse response: {'error_code': 'invalid_grant', 'error_description': 'Invalid JWT'}
2026-07-09 02:12:23 [trader_server.config_sync] INFO: Broker status broadcast: TT → reload_failed
2026-07-09 02:13:06 [trader_server] INFO: Logging initialized (level=INFO, file=D:\CodeProject\Python\EC_project\Trader_Server\data\logs\ts_20260709.log)
2026-07-09 02:13:06 [trader_server] INFO: Config loaded from D:\CodeProject\Python\EC_project\Trader_Server\data\config.json
2026-07-09 02:13:06 [trader_server] INFO: Config loaded from D:\CodeProject\Python\EC_project\Trader_Server\data\config.json
2026-07-09 02:13:06 [trader_server.registration] INFO: Restored session: server_id=node_trader-node-01_7ae7b2c7
2026-07-09 02:13:06 [trader_server.registration] INFO: Testing connection: http://127.0.0.1:8800/ping
2026-07-09 02:13:06 [trader_server.registration] INFO: Connection OK: {'status': 'pong'}
2026-07-09 02:13:06 [trader_server.heartbeat] INFO: Heartbeat started (interval=20s)
2026-07-09 02:13:07 [trader_server.api.ib] WARNING: ibapi not installed, IBBroker will be non-functional
2026-07-09 02:13:08 [trader_server.config_sync] INFO: Config event listener started
2026-07-09 02:13:08 [trader_server.config_sync] INFO: check_andreload: source=heartbeat, version changed 0 → 1, pulling new config...
2026-07-09 02:13:08 [trader_server.api.factory] INFO: [BrokerFactory] created TastytradeBroker (type=tt)
2026-07-09 02:13:11 [httpx] INFO: HTTP Request: POST https://api.tastyworks.com/oauth/token "HTTP/1.1 400 Bad Request"
2026-07-09 02:13:11 [trader_server.api.tastytrade] ERROR: TastytradeBroker connect failed [BROKER_AUTH_INVALID]: Couldn't parse response: {'error_code': 'invalid_grant', 'error_description': 'Invalid JWT'}
2026-07-09 02:13:11 [trader_server.config_sync] ERROR: _do_hot_reload: TT connect failed [BROKER_AUTH_INVALID]: Couldn't parse response: {'error_code': 'invalid_grant', 'error_description': 'Invalid JWT'}
2026-07-09 02:13:11 [trader_server.config_sync] INFO: Broker status broadcast: TT → reload_failed
2026-07-09 03:12:09 [trader_server] INFO: Logging initialized (level=INFO, file=D:\CodeProject\Python\EC_project\Trader_Server\data\logs\ts_20260709.log)
2026-07-09 03:12:09 [trader_server] INFO: Config loaded from D:\CodeProject\Python\EC_project\Trader_Server\data\config.json
2026-07-09 03:12:09 [trader_server] INFO: Config loaded from D:\CodeProject\Python\EC_project\Trader_Server\data\config.json
2026-07-09 03:12:09 [trader_server.registration] INFO: Restored session: server_id=node_trader-node-01_7ae7b2c7
2026-07-09 03:12:09 [trader_server.registration] INFO: Testing connection: http://127.0.0.1:8800/ping
2026-07-09 03:12:10 [trader_server.registration] INFO: Connection OK: {'status': 'pong'}
2026-07-09 03:12:10 [trader_server.heartbeat] INFO: Heartbeat started (interval=20s)
2026-07-09 03:12:10 [trader_server.api.ib] WARNING: ibapi not installed, IBBroker will be non-functional
2026-07-09 03:12:11 [trader_server.config_sync] INFO: Config event listener started
2026-07-09 03:12:11 [trader_server.config_sync] INFO: check_andreload: source=heartbeat, version changed 0 → 1, pulling new config...
2026-07-09 03:12:11 [trader_server.api.factory] INFO: [BrokerFactory] created TastytradeBroker (type=tt)
2026-07-09 03:12:14 [httpx] INFO: HTTP Request: POST https://api.tastyworks.com/oauth/token "HTTP/1.1 400 Bad Request"
2026-07-09 03:12:14 [trader_server.api.tastytrade] ERROR: TastytradeBroker connect failed [BROKER_AUTH_INVALID]: Couldn't parse response: {'error_code': 'invalid_grant', 'error_description': 'Invalid JWT'}
2026-07-09 03:12:14 [trader_server.config_sync] ERROR: _do_hot_reload: TT connect failed [BROKER_AUTH_INVALID]: Couldn't parse response: {'error_code': 'invalid_grant', 'error_description': 'Invalid JWT'}
2026-07-09 03:12:14 [trader_server.config_sync] INFO: Broker status broadcast: TT → reload_failed
2026-07-09 03:12:36 [trader_server.ws_server] INFO: [sess_e6f932e02dc57a88] WS connected from 127.0.0.1:63621
2026-07-09 03:12:36 [trader_server.msg_log] INFO: [sess_e6f932e02dc57a88][trc_87a44ab3abc74284] Client 已连接 127.0.0.1:63621
2026-07-09 03:12:36 [trader_server.msg_log] INFO: [sess_e6f932e02dc57a88][trc_87a44ab3abc74284] 认证通过 ✓
2026-07-09 03:12:36 [trader_server.ws_server] INFO: [sess_e6f932e02dc57a88] Auth OK, connection established
2026-07-09 03:12:36 [trader_server.ws_server] INFO: [sess_e6f932e02dc57a88] WS disconnected by client
2026-07-09 03:12:36 [trader_server.ws_server] INFO: [sess_e6f932e02dc57a88] Connection cleaned up (remaining connections: 0)
2026-07-09 03:12:36 [trader_server.msg_log] INFO: [sess_e6f932e02dc57a88] Client 断开连接
2026-07-09 03:12:36 [trader_server.ws_server] INFO: [sess_ddd5e02349743057] WS connected from 127.0.0.1:63626
2026-07-09 03:12:36 [trader_server.msg_log] INFO: [sess_ddd5e02349743057][trc_c82fab85b03b442c] Client 已连接 127.0.0.1:63626
2026-07-09 03:12:36 [trader_server.msg_log] INFO: [sess_ddd5e02349743057][trc_c82fab85b03b442c] 认证通过 ✓
2026-07-09 03:12:36 [trader_server.ws_server] INFO: [sess_ddd5e02349743057] Auth OK, connection established
2026-07-09 03:12:37 [trader_server.msg_log] INFO: [sess_ddd5e02349743057][trc_995d2e40ff344d75] [BROKER_STATUS_QUERY]
2026-07-09 03:12:37 [trader_server.msg_log] INFO: [sess_ddd5e02349743057][trc_995d2e40ff344d75] [BROKER_STATUS_RESPONSE]
2026-07-09 03:12:37 [trader_server.msg_log] INFO: [sess_ddd5e02349743057][trc_f1d4d024131f47b2] 行情订阅 [AAPL, BTCUSD]
2026-07-09 03:12:37 [trader_server.config_sync] INFO: _do_hot_reload: reconnecting TT with latest credentials...
2026-07-09 03:12:37 [trader_server.api.tastytrade] INFO: TastytradeBroker disconnected
2026-07-09 03:12:37 [trader_server.api.factory] INFO: [BrokerFactory] created TastytradeBroker (type=tt)
2026-07-09 03:12:39 [httpx] INFO: HTTP Request: POST https://api.tastyworks.com/oauth/token "HTTP/1.1 400 Bad Request"
2026-07-09 03:12:39 [trader_server.api.tastytrade] ERROR: TastytradeBroker connect failed [BROKER_AUTH_INVALID]: Couldn't parse response: {'error_code': 'invalid_grant', 'error_description': 'Invalid JWT'}
2026-07-09 03:12:39 [trader_server.config_sync] ERROR: _do_hot_reload: TT connect failed [BROKER_AUTH_INVALID]: Couldn't parse response: {'error_code': 'invalid_grant', 'error_description': 'Invalid JWT'}
2026-07-09 03:12:39 [trader_server.config_sync] INFO: Broker status broadcast: TT → reload_failed
2026-07-09 03:12:39 [trader_server.msg_log] INFO: [sess_ddd5e02349743057][trc_f1d4d024131f47b2] 行情操作失败
2026-07-09 03:17:48 [trader_server.heartbeat] WARNING: [#63] Heartbeat exception: <urlopen error [WinError 10061] 由于目标计算机积极拒绝，无法连接。>
2026-07-09 03:17:51 [trader_server.heartbeat] WARNING: [#64] Heartbeat exception: <urlopen error [WinError 10061] 由于目标计算机积极拒绝，无法连接。>
2026-07-09 03:17:55 [trader_server.heartbeat] WARNING: [#65] Heartbeat exception: <urlopen error [WinError 10061] 由于目标计算机积极拒绝，无法连接。>
2026-07-09 03:18:01 [trader_server.heartbeat] WARNING: [#66] Heartbeat exception: <urlopen error [WinError 10061] 由于目标计算机积极拒绝，无法连接。>
2026-07-09 03:23:37 [trader_server.msg_log] INFO: [sess_ddd5e02349743057][trc_fcc772ca3d0e4371] [BROKER_LOGOUT]
2026-07-09 03:23:37 [trader_server.msg_log] INFO: [sess_ddd5e02349743057][trc_fcc772ca3d0e4371] [BROKER_LOGOUT_RESPONSE]
2026-07-09 03:23:37 [trader_server.ws_server] INFO: [sess_ddd5e02349743057] WS disconnected by client
2026-07-09 03:23:37 [trader_server.ws_server] INFO: [sess_ddd5e02349743057] Connection cleaned up (remaining connections: 0)
2026-07-09 03:23:37 [trader_server.msg_log] INFO: [sess_ddd5e02349743057] Client 断开连接
2026-07-09 23:20:21 [trader_server] INFO: Logging initialized (level=INFO, file=D:\CodeProject\Python\EC_project\Trader_Server\data\logs\ts_20260709.log)
2026-07-09 23:20:21 [trader_server.selftest] ERROR: codex_log_selftest_ts
2026-07-09 23:39:52 [trader_server] INFO: Logging initialized (level=INFO, file=D:\CodeProject\Python\EC_project\Trader_Server\data\logs\ts_20260709.log)
2026-07-09 23:39:52 [trader_server] INFO: Config loaded from D:\CodeProject\Python\EC_project\Trader_Server\data\config.json
2026-07-09 23:39:52 [trader_server] INFO: Config loaded from D:\CodeProject\Python\EC_project\Trader_Server\data\config.json
2026-07-09 23:39:52 [trader_server.registration] INFO: Restored session: server_id=node_trader-node-01_7ae7b2c7
2026-07-09 23:39:52 [trader_server.registration] INFO: Testing connection: http://127.0.0.1:8800/ping
2026-07-09 23:39:52 [trader_server.registration] INFO: Connection OK: {'status': 'pong'}
2026-07-09 23:39:52 [trader_server.heartbeat] INFO: Heartbeat started (interval=20s)
2026-07-09 23:39:53 [trader_server.api.ib] WARNING: ibapi not installed, IBBroker will be non-functional
2026-07-09 23:39:54 [trader_server.config_sync] INFO: Config event listener started
2026-07-09 23:39:54 [trader_server.config_sync] INFO: check_andreload: source=heartbeat, version changed 0 → 1, pulling new config...
2026-07-09 23:39:54 [trader_server.api.factory] INFO: [BrokerFactory] created TastytradeBroker (type=tt)
2026-07-09 23:39:57 [httpx] INFO: HTTP Request: POST https://api.tastyworks.com/oauth/token "HTTP/1.1 400 Bad Request"
2026-07-09 23:39:57 [trader_server.api.tastytrade] ERROR: TastytradeBroker connect failed [BROKER_AUTH_INVALID]: Couldn't parse response: {'error_code': 'invalid_grant', 'error_description': 'Invalid JWT'}
2026-07-09 23:39:57 [trader_server.config_sync] ERROR: _do_hot_reload: TT connect failed [BROKER_AUTH_INVALID]: Couldn't parse response: {'error_code': 'invalid_grant', 'error_description': 'Invalid JWT'}
2026-07-09 23:39:57 [trader_server.config_sync] INFO: Broker status broadcast: TT → reload_failed
2026-07-09 23:40:02 [trader_server.ws_server] INFO: [sess_45f25130a000084b] WS connected from 127.0.0.1:52729
2026-07-09 23:40:02 [trader_server.msg_log] INFO: [sess_45f25130a000084b][trc_d6c7dcd0d6fd4979] Client 已连接 127.0.0.1:52729
2026-07-09 23:40:02 [trader_server.msg_log] INFO: [sess_45f25130a000084b][trc_d6c7dcd0d6fd4979] 认证通过 ✓
2026-07-09 23:40:02 [trader_server.ws_server] INFO: [sess_45f25130a000084b] Auth OK, connection established
2026-07-09 23:40:02 [trader_server.ws_server] INFO: [sess_45f25130a000084b] WS disconnected by client
2026-07-09 23:40:02 [trader_server.ws_server] INFO: [sess_45f25130a000084b] Connection cleaned up (remaining connections: 0)
2026-07-09 23:40:02 [trader_server.msg_log] INFO: [sess_45f25130a000084b] Client 断开连接
2026-07-09 23:40:02 [trader_server.ws_server] INFO: [sess_1a3d039804c1a22b] WS connected from 127.0.0.1:52734
2026-07-09 23:40:02 [trader_server.msg_log] INFO: [sess_1a3d039804c1a22b][trc_605f66bc59174275] Client 已连接 127.0.0.1:52734
2026-07-09 23:40:02 [trader_server.msg_log] INFO: [sess_1a3d039804c1a22b][trc_605f66bc59174275] 认证通过 ✓
2026-07-09 23:40:02 [trader_server.ws_server] INFO: [sess_1a3d039804c1a22b] Auth OK, connection established
2026-07-09 23:40:02 [trader_server.msg_log] INFO: [sess_1a3d039804c1a22b][trc_6d8306c8c2ff42bd] [BROKER_STATUS_QUERY]
2026-07-09 23:40:02 [trader_server.msg_log] INFO: [sess_1a3d039804c1a22b][trc_6d8306c8c2ff42bd] [BROKER_STATUS_RESPONSE]
2026-07-09 23:40:02 [trader_server.msg_log] INFO: [sess_1a3d039804c1a22b][trc_710a3d3271e3494c] 行情订阅 [AAPL, BTCUSD]
2026-07-09 23:40:02 [trader_server.config_sync] INFO: _do_hot_reload: reconnecting TT with latest credentials...
2026-07-09 23:40:02 [trader_server.api.tastytrade] INFO: TastytradeBroker disconnected
2026-07-09 23:40:02 [trader_server.api.factory] INFO: [BrokerFactory] created TastytradeBroker (type=tt)
2026-07-09 23:40:03 [trader_server.api.factory] INFO: [BrokerFactory] created TastytradeBroker (type=tt)
2026-07-09 23:40:05 [httpx] INFO: HTTP Request: POST https://api.tastyworks.com/oauth/token "HTTP/1.1 400 Bad Request"
2026-07-09 23:40:05 [trader_server.api.tastytrade] ERROR: TastytradeBroker connect failed [BROKER_AUTH_INVALID]: Couldn't parse response: {'error_code': 'invalid_grant', 'error_description': 'Invalid JWT'}
2026-07-09 23:40:05 [trader_server.config_sync] ERROR: _do_hot_reload: TT connect failed [BROKER_AUTH_INVALID]: Couldn't parse response: {'error_code': 'invalid_grant', 'error_description': 'Invalid JWT'}
2026-07-09 23:40:05 [trader_server.config_sync] INFO: Broker status broadcast: TT → reload_failed
2026-07-09 23:40:05 [trader_server.msg_log] INFO: [sess_1a3d039804c1a22b][trc_710a3d3271e3494c] 行情操作失败
