2026-06-26 20:52:14 [trader_server] INFO: Logging initialized (level=INFO, file=D:\CodeProject\Python\EC_project\Trader_Server\data\logs\ts_20260626.log)
2026-06-26 20:52:14 [trader_server] INFO: Config loaded from D:\CodeProject\Python\EC_project\Trader_Server\data\config.json
2026-06-26 20:52:14 [trader_server] INFO: Config loaded from D:\CodeProject\Python\EC_project\Trader_Server\data\config.json
2026-06-26 20:52:14 [trader_server.registration] INFO: Restored session: server_id=node_trader-node-01_3a497375
2026-06-26 20:52:14 [trader_server.registration] INFO: Testing connection: http://127.0.0.1:8800/ping
2026-06-26 20:52:15 [trader_server.registration] INFO: Connection OK: {'status': 'pong'}
2026-06-26 20:52:15 [trader_server.heartbeat] INFO: Heartbeat started (interval=20s)
2026-06-26 20:52:15 [trader_server.api.tastytrade] WARNING: Tastytrade SDK not available, TastytradeBroker will be non-functional
2026-06-26 20:52:15 [trader_server.api.ib] WARNING: ibapi not installed, IBBroker will be non-functional
2026-06-26 20:52:16 [trader_server.config_sync] INFO: Config event listener started
2026-06-26 20:52:16 [trader_server.config_sync] INFO: check_andreload: source=heartbeat, version changed 0 → 1, pulling new config...
2026-06-26 20:52:16 [trader_server.api.factory] INFO: [BrokerFactory] created TastytradeBroker (type=tt)
2026-06-26 20:52:16 [trader_server.api.tastytrade] ERROR: Tastytrade SDK not installed
2026-06-26 20:52:16 [trader_server.config_sync] ERROR: _do_hot_reload: TT connect failed [BROKER_SDK_MISSING]: Tastytrade SDK not installed
2026-06-26 20:52:16 [trader_server.config_sync] INFO: Broker status broadcast: TT → reload_failed
2026-06-26 20:54:53 [trader_server] INFO: Logging initialized (level=INFO, file=D:\CodeProject\Python\EC_project\Trader_Server\data\logs\ts_20260626.log)
2026-06-26 20:54:53 [trader_server] INFO: Config loaded from D:\CodeProject\Python\EC_project\Trader_Server\data\config.json
2026-06-26 20:54:53 [trader_server] INFO: Config loaded from D:\CodeProject\Python\EC_project\Trader_Server\data\config.json
2026-06-26 20:54:53 [trader_server.registration] INFO: Restored session: server_id=node_trader-node-01_3a497375
2026-06-26 20:54:53 [trader_server.registration] INFO: Testing connection: http://127.0.0.1:8800/ping
2026-06-26 20:54:53 [trader_server.registration] INFO: Connection OK: {'status': 'pong'}
2026-06-26 20:54:53 [trader_server.heartbeat] INFO: Heartbeat started (interval=20s)
2026-06-26 20:54:53 [trader_server.api.tastytrade] WARNING: Tastytrade SDK not available, TastytradeBroker will be non-functional
2026-06-26 20:54:53 [trader_server.api.ib] WARNING: ibapi not installed, IBBroker will be non-functional
2026-06-26 20:54:54 [trader_server.config_sync] INFO: Config event listener started
2026-06-26 20:54:54 [trader_server.config_sync] INFO: check_andreload: source=heartbeat, version changed 0 → 1, pulling new config...
2026-06-26 20:54:54 [trader_server.api.factory] INFO: [BrokerFactory] created TastytradeBroker (type=tt)
2026-06-26 20:54:54 [trader_server.api.tastytrade] ERROR: Tastytrade SDK not installed
2026-06-26 20:54:54 [trader_server.config_sync] ERROR: _do_hot_reload: TT connect failed [BROKER_SDK_MISSING]: Tastytrade SDK not installed
2026-06-26 20:54:54 [trader_server.config_sync] INFO: Broker status broadcast: TT → reload_failed
2026-06-26 20:56:42 [trader_server] INFO: Logging initialized (level=INFO, file=D:\CodeProject\Python\EC_project\Trader_Server\data\logs\ts_20260626.log)
2026-06-26 20:56:42 [trader_server] INFO: Config loaded from D:\CodeProject\Python\EC_project\Trader_Server\data\config.json
2026-06-26 20:56:42 [trader_server] INFO: Config loaded from D:\CodeProject\Python\EC_project\Trader_Server\data\config.json
2026-06-26 20:56:42 [trader_server.registration] INFO: Restored session: server_id=node_trader-node-01_3a497375
2026-06-26 20:56:42 [trader_server.registration] INFO: Testing connection: http://127.0.0.1:8800/ping
2026-06-26 20:56:42 [trader_server.registration] INFO: Connection OK: {'status': 'pong'}
2026-06-26 20:56:42 [trader_server.heartbeat] INFO: Heartbeat started (interval=20s)
2026-06-26 20:56:42 [trader_server.api.tastytrade] WARNING: Tastytrade SDK not available, TastytradeBroker will be non-functional
2026-06-26 20:56:42 [trader_server.api.ib] WARNING: ibapi not installed, IBBroker will be non-functional
2026-06-26 20:56:43 [trader_server.config_sync] INFO: Config event listener started
2026-06-26 20:56:43 [trader_server.config_sync] INFO: check_andreload: source=heartbeat, version changed 0 → 1, pulling new config...
2026-06-26 20:56:43 [trader_server.api.factory] INFO: [BrokerFactory] created TastytradeBroker (type=tt)
2026-06-26 20:56:43 [trader_server.api.tastytrade] ERROR: Tastytrade SDK not installed
2026-06-26 20:56:43 [trader_server.config_sync] ERROR: _do_hot_reload: TT connect failed [BROKER_SDK_MISSING]: Tastytrade SDK not installed
2026-06-26 20:56:43 [trader_server.config_sync] INFO: Broker status broadcast: TT → reload_failed
2026-06-26 20:56:49 [trader_server.ws_server] INFO: [sess_c602e6454700b9da] WS connected from 127.0.0.1:61035
2026-06-26 20:56:49 [trader_server.msg_log] WARNING: [sess_c602e6454700b9da][trc_db40209ce32a4459] 认证失败: not_occupied_by_user
2026-06-26 20:56:49 [trader_server.ws_server] WARNING: [sess_c602e6454700b9da] Auth failed: not_occupied_by_user
2026-06-26 20:56:49 [trader_server.ws_server] INFO: [sess_c602e6454700b9da] Connection cleaned up (remaining connections: 0)
2026-06-26 20:58:03 [trader_server] INFO: Logging initialized (level=INFO, file=D:\CodeProject\Python\EC_project\Trader_Server\data\logs\ts_20260626.log)
2026-06-26 20:58:03 [trader_server] INFO: Config loaded from D:\CodeProject\Python\EC_project\Trader_Server\data\config.json
2026-06-26 20:58:03 [trader_server] INFO: Config loaded from D:\CodeProject\Python\EC_project\Trader_Server\data\config.json
2026-06-26 20:58:03 [trader_server.registration] INFO: Restored session: server_id=node_trader-node-01_3a497375
2026-06-26 20:58:03 [trader_server.registration] INFO: Testing connection: http://127.0.0.1:8800/ping
2026-06-26 20:58:03 [trader_server.registration] INFO: Connection OK: {'status': 'pong'}
2026-06-26 20:58:03 [trader_server.heartbeat] INFO: Heartbeat started (interval=20s)
2026-06-26 20:58:03 [trader_server.api.tastytrade] WARNING: Tastytrade SDK not available, TastytradeBroker will be non-functional
2026-06-26 20:58:03 [trader_server.api.ib] WARNING: ibapi not installed, IBBroker will be non-functional
2026-06-26 20:58:05 [trader_server.config_sync] INFO: Config event listener started
2026-06-26 20:58:05 [trader_server.config_sync] INFO: check_andreload: source=heartbeat, version changed 0 → 1, pulling new config...
2026-06-26 20:58:05 [trader_server.api.factory] INFO: [BrokerFactory] created TastytradeBroker (type=tt)
2026-06-26 20:58:05 [trader_server.api.tastytrade] ERROR: Tastytrade SDK not installed
2026-06-26 20:58:05 [trader_server.config_sync] ERROR: _do_hot_reload: TT connect failed [BROKER_SDK_MISSING]: Tastytrade SDK not installed
2026-06-26 20:58:05 [trader_server.config_sync] INFO: Broker status broadcast: TT → reload_failed
2026-06-26 20:58:11 [trader_server.ws_server] INFO: [sess_72401fec4ddd5f63] WS connected from 127.0.0.1:63731
2026-06-26 20:58:11 [trader_server.msg_log] INFO: [sess_72401fec4ddd5f63][trc_a8e6f22d303743c3] Client 已连接 127.0.0.1:63731
2026-06-26 20:58:11 [trader_server.msg_log] INFO: [sess_72401fec4ddd5f63][trc_a8e6f22d303743c3] 认证通过 ✓
2026-06-26 20:58:11 [trader_server.ws_server] INFO: [sess_72401fec4ddd5f63] Auth OK, connection established
2026-06-26 20:58:12 [trader_server.msg_log] INFO: [sess_72401fec4ddd5f63][trc_6c7803006a2840d0] [BROKER_LOGIN]
2026-06-26 20:58:12 [trader_server.msg_log] INFO: [sess_72401fec4ddd5f63][trc_6c7803006a2840d0] [BROKER_LOGIN_RESPONSE]
2026-06-26 20:58:12 [trader_server.msg_log] INFO: [sess_72401fec4ddd5f63][trc_691b583999404785] [BROKER_STATUS_QUERY]
2026-06-26 20:58:12 [trader_server.msg_log] INFO: [sess_72401fec4ddd5f63][trc_691b583999404785] [BROKER_STATUS_RESPONSE]
2026-06-26 20:58:12 [trader_server.msg_log] INFO: [sess_72401fec4ddd5f63][trc_774877ca2c2c473d] 状态查询
2026-06-26 20:58:12 [trader_server.msg_log] INFO: [sess_72401fec4ddd5f63][trc_774877ca2c2c473d] 状态响应
2026-06-26 20:58:12 [trader_server.msg_log] INFO: [sess_72401fec4ddd5f63][trc_84da025c7cdf4934] 持仓查询
2026-06-26 20:58:12 [trader_server.config_sync] INFO: _do_hot_reload: reconnecting TT with latest credentials...
2026-06-26 20:58:12 [trader_server.api.tastytrade] INFO: TastytradeBroker disconnected
2026-06-26 20:58:12 [trader_server.api.factory] INFO: [BrokerFactory] created TastytradeBroker (type=tt)
2026-06-26 20:58:12 [trader_server.api.tastytrade] ERROR: Tastytrade SDK not installed
2026-06-26 20:58:12 [trader_server.config_sync] ERROR: _do_hot_reload: TT connect failed [BROKER_SDK_MISSING]: Tastytrade SDK not installed
2026-06-26 20:58:12 [trader_server.config_sync] INFO: Broker status broadcast: TT → reload_failed
2026-06-26 20:58:12 [trader_server.msg_log] INFO: [sess_72401fec4ddd5f63][trc_84da025c7cdf4934] 持仓查询失败
2026-06-26 20:58:12 [trader_server.msg_log] INFO: [sess_72401fec4ddd5f63][trc_e4a9e8ce11724b7a] [ORDER_QUERY]
2026-06-26 20:58:12 [trader_server.config_sync] WARNING: connect attempt skipped: auto retry paused (Tastytrade SDK not installed)
2026-06-26 20:58:12 [trader_server.msg_log] INFO: [sess_72401fec4ddd5f63][trc_e4a9e8ce11724b7a] [ORDER_LIST_RESPONSE]
2026-06-26 20:58:12 [trader_server.msg_log] INFO: [sess_72401fec4ddd5f63][trc_cb921134f79d4b8f] 行情订阅 [AAPL]
2026-06-26 20:58:12 [trader_server.config_sync] WARNING: connect attempt skipped: auto retry paused (Tastytrade SDK not installed)
2026-06-26 20:58:12 [trader_server.msg_log] INFO: [sess_72401fec4ddd5f63][trc_cb921134f79d4b8f] 行情操作失败
2026-06-26 20:58:12 [trader_server.msg_log] INFO: [sess_72401fec4ddd5f63][trc_70621301474847cd] 下单请求 AAPL
2026-06-26 20:58:12 [trader_server.config_sync] WARNING: connect attempt skipped: auto retry paused (Tastytrade SDK not installed)
2026-06-26 20:58:12 [trader_server.msg_log] INFO: [sess_72401fec4ddd5f63][trc_70621301474847cd] 下单失败
2026-06-26 20:58:12 [trader_server.msg_log] INFO: [sess_72401fec4ddd5f63][trc_5e0dc0287a2f476a] [BROKER_LOGOUT]
2026-06-26 20:58:12 [trader_server.msg_log] INFO: [sess_72401fec4ddd5f63][trc_5e0dc0287a2f476a] [BROKER_LOGOUT_RESPONSE]
2026-06-26 20:58:12 [trader_server.ws_server] INFO: [sess_72401fec4ddd5f63] WS disconnected by client
2026-06-26 20:58:12 [trader_server.ws_server] INFO: [sess_72401fec4ddd5f63] Connection cleaned up (remaining connections: 0)
2026-06-26 20:58:12 [trader_server.msg_log] INFO: [sess_72401fec4ddd5f63] Client 断开连接
