2026-07-14 23:35:17 [trader_server] INFO: Logging initialized (level=INFO, file=D:\CodeProject\Python\EC_project\Trader_Server\data\logs\ts_20260714.log)
2026-07-14 23:35:17 [trader_server] INFO: Config loaded from D:\CodeProject\Python\EC_project\Trader_Server\data\config.json
2026-07-14 23:35:17 [trader_server] INFO: Config loaded from D:\CodeProject\Python\EC_project\Trader_Server\data\config.json
2026-07-14 23:35:17 [trader_server.registration] INFO: Restored session: server_id=node_trader-node-01_7ae7b2c7
2026-07-14 23:35:17 [trader_server.registration] INFO: Testing connection: http://127.0.0.1:8800/ping
2026-07-14 23:35:17 [trader_server.registration] INFO: Connection OK: {'status': 'pong'}
2026-07-14 23:35:17 [trader_server.heartbeat] INFO: Heartbeat started (interval=20s)
2026-07-14 23:35:18 [trader_server.api.ib] WARNING: ibapi not installed, IBBroker will be non-functional
2026-07-14 23:35:19 [trader_server.config_sync] INFO: Config event listener started
2026-07-14 23:35:19 [trader_server.config_sync] INFO: check_andreload: source=heartbeat, version changed 0 → 1, pulling new config...
2026-07-14 23:35:19 [trader_server.api.factory] INFO: [BrokerFactory] created TastytradeBroker (type=tt)
2026-07-14 23:35:22 [httpx] INFO: HTTP Request: POST https://api.tastyworks.com/oauth/token "HTTP/1.1 400 Bad Request"
2026-07-14 23:35:22 [trader_server.api.tastytrade] ERROR: TastytradeBroker connect failed [BROKER_AUTH_INVALID]: Couldn't parse response: {'error_code': 'invalid_grant', 'error_description': 'Invalid JWT'}
2026-07-14 23:35:22 [trader_server.config_sync] ERROR: _do_hot_reload: TT connect failed [BROKER_AUTH_INVALID]: Couldn't parse response: {'error_code': 'invalid_grant', 'error_description': 'Invalid JWT'}
2026-07-14 23:35:22 [trader_server.config_sync] INFO: Broker status broadcast: TT → reload_failed
2026-07-14 23:38:25 [trader_server.ws_server] INFO: [sess_e8a49b748fd20151] WS connected from 127.0.0.1:61051
2026-07-14 23:38:25 [trader_server.msg_log] INFO: [sess_e8a49b748fd20151][trc_064dc9e01367406f] Client 已连接 127.0.0.1:61051
2026-07-14 23:38:25 [trader_server.msg_log] INFO: [sess_e8a49b748fd20151][trc_064dc9e01367406f] 认证通过 ✓
2026-07-14 23:38:25 [trader_server.ws_server] INFO: [sess_e8a49b748fd20151] Auth OK, connection established
2026-07-14 23:38:25 [trader_server.ws_server] INFO: [sess_e8a49b748fd20151] WS disconnected by client
2026-07-14 23:38:25 [trader_server.ws_server] INFO: [sess_e8a49b748fd20151] Connection cleaned up (remaining connections: 0)
2026-07-14 23:38:25 [trader_server.msg_log] INFO: [sess_e8a49b748fd20151] Client 断开连接
2026-07-14 23:38:25 [trader_server.ws_server] INFO: [sess_2bfddf82c00539ab] WS connected from 127.0.0.1:51840
2026-07-14 23:38:25 [trader_server.msg_log] INFO: [sess_2bfddf82c00539ab][trc_71c2f949b34e40e9] Client 已连接 127.0.0.1:51840
2026-07-14 23:38:25 [trader_server.msg_log] INFO: [sess_2bfddf82c00539ab][trc_71c2f949b34e40e9] 认证通过 ✓
2026-07-14 23:38:25 [trader_server.ws_server] INFO: [sess_2bfddf82c00539ab] Auth OK, connection established
2026-07-14 23:38:25 [trader_server.msg_log] INFO: [sess_2bfddf82c00539ab][trc_ce06dd3a650d48fd] [BROKER_STATUS_QUERY]
2026-07-14 23:38:25 [trader_server.msg_log] INFO: [sess_2bfddf82c00539ab][trc_ce06dd3a650d48fd] [BROKER_STATUS_RESPONSE]
2026-07-14 23:38:25 [trader_server.msg_log] INFO: [sess_2bfddf82c00539ab][trc_897c59d3414c4f10] 行情订阅 [AAPL, BTCUSD]
2026-07-14 23:38:25 [trader_server.config_sync] INFO: _do_hot_reload: reconnecting TT with latest credentials...
2026-07-14 23:38:25 [trader_server.api.tastytrade] INFO: TastytradeBroker disconnected
2026-07-14 23:38:25 [trader_server.api.factory] INFO: [BrokerFactory] created TastytradeBroker (type=tt)
2026-07-14 23:38:28 [httpx] INFO: HTTP Request: POST https://api.tastyworks.com/oauth/token "HTTP/1.1 400 Bad Request"
2026-07-14 23:38:28 [trader_server.api.tastytrade] ERROR: TastytradeBroker connect failed [BROKER_AUTH_INVALID]: Couldn't parse response: {'error_code': 'invalid_grant', 'error_description': 'Invalid JWT'}
2026-07-14 23:38:28 [trader_server.config_sync] ERROR: _do_hot_reload: TT connect failed [BROKER_AUTH_INVALID]: Couldn't parse response: {'error_code': 'invalid_grant', 'error_description': 'Invalid JWT'}
2026-07-14 23:38:28 [trader_server.config_sync] INFO: Broker status broadcast: TT → reload_failed
2026-07-14 23:38:28 [trader_server.msg_log] INFO: [sess_2bfddf82c00539ab][trc_897c59d3414c4f10] 行情操作失败
