2026-07-05 23:34:16 [trader_server] INFO: Logging initialized (level=INFO, file=D:\CodeProject\Python\EC_project\Trader_Server\data\logs\ts_20260705.log)
2026-07-05 23:34:16 [trader_server] INFO: Config loaded from D:\CodeProject\Python\EC_project\Trader_Server\data\config.json
2026-07-05 23:34:16 [trader_server] INFO: Config loaded from D:\CodeProject\Python\EC_project\Trader_Server\data\config.json
2026-07-05 23:34:16 [trader_server.registration] INFO: Restored session: server_id=node_trader-node-01_fc22aeb7
2026-07-05 23:34:16 [trader_server.registration] INFO: Testing connection: http://127.0.0.1:8800/ping
2026-07-05 23:34:16 [trader_server.registration] INFO: Connection OK: {'status': 'pong'}
2026-07-05 23:34:16 [trader_server.heartbeat] INFO: Heartbeat started (interval=20s)
2026-07-05 23:34:18 [trader_server.api.ib] WARNING: ibapi not installed, IBBroker will be non-functional
2026-07-05 23:34:18 [trader_server.config_sync] INFO: Config event listener started
2026-07-05 23:34:18 [trader_server.config_sync] INFO: check_andreload: source=heartbeat, version changed 0 → 1, pulling new config...
2026-07-05 23:34:18 [trader_server.api.factory] INFO: [BrokerFactory] created TastytradeBroker (type=tt)
2026-07-05 23:34:20 [httpx] INFO: HTTP Request: POST https://api.tastyworks.com/oauth/token "HTTP/1.1 400 Bad Request"
2026-07-05 23:34:20 [trader_server.api.tastytrade] ERROR: TastytradeBroker connect failed [BROKER_AUTH_INVALID]: Couldn't parse response: {'error_code': 'invalid_grant', 'error_description': 'Invalid JWT'}
2026-07-05 23:34:20 [trader_server.config_sync] ERROR: _do_hot_reload: TT connect failed [BROKER_AUTH_INVALID]: Couldn't parse response: {'error_code': 'invalid_grant', 'error_description': 'Invalid JWT'}
2026-07-05 23:34:20 [trader_server.config_sync] INFO: Broker status broadcast: TT → reload_failed
2026-07-05 23:35:14 [trader_server.ws_server] INFO: [sess_161089b4d2dd00b8] WS connected from 127.0.0.1:51805
2026-07-05 23:35:14 [trader_server.msg_log] INFO: [sess_161089b4d2dd00b8][trc_b9da33c54dca4ae2] Client 已连接 127.0.0.1:51805
2026-07-05 23:35:14 [trader_server.msg_log] INFO: [sess_161089b4d2dd00b8][trc_b9da33c54dca4ae2] 认证通过 ✓
2026-07-05 23:35:14 [trader_server.ws_server] INFO: [sess_161089b4d2dd00b8] Auth OK, connection established
2026-07-05 23:35:14 [trader_server.ws_server] INFO: [sess_161089b4d2dd00b8] WS disconnected by client
2026-07-05 23:35:14 [trader_server.ws_server] INFO: [sess_161089b4d2dd00b8] Connection cleaned up (remaining connections: 0)
2026-07-05 23:35:14 [trader_server.msg_log] INFO: [sess_161089b4d2dd00b8] Client 断开连接
2026-07-05 23:35:14 [trader_server.ws_server] INFO: [sess_ad9579ae48aeaae5] WS connected from 127.0.0.1:51810
2026-07-05 23:35:14 [trader_server.msg_log] INFO: [sess_ad9579ae48aeaae5][trc_9f1ce298a8974295] Client 已连接 127.0.0.1:51810
2026-07-05 23:35:14 [trader_server.msg_log] INFO: [sess_ad9579ae48aeaae5][trc_9f1ce298a8974295] 认证通过 ✓
2026-07-05 23:35:14 [trader_server.ws_server] INFO: [sess_ad9579ae48aeaae5] Auth OK, connection established
2026-07-05 23:35:15 [trader_server.msg_log] INFO: [sess_ad9579ae48aeaae5][trc_b3c6896067f54113] [BROKER_STATUS_QUERY]
2026-07-05 23:35:15 [trader_server.msg_log] INFO: [sess_ad9579ae48aeaae5][trc_b3c6896067f54113] [BROKER_STATUS_RESPONSE]
2026-07-06 01:00:12 [trader_server.ws_server] INFO: [sess_ad9579ae48aeaae5] WS disconnected by client
2026-07-06 01:00:12 [trader_server.ws_server] INFO: [sess_ad9579ae48aeaae5] Connection cleaned up (remaining connections: 0)
2026-07-06 01:00:12 [trader_server.msg_log] INFO: [sess_ad9579ae48aeaae5] Client 断开连接
