2026-07-09 23:20:21 [trader_server.selftest] ERROR: codex_log_selftest_ts
2026-07-09 23:39:57 [trader_server.api.tastytrade] ERROR: TastytradeBroker connect failed [BROKER_AUTH_INVALID]: Couldn't parse response: {'error_code': 'invalid_grant', 'error_description': 'Invalid JWT'}
2026-07-09 23:39:57 [trader_server.config_sync] ERROR: _do_hot_reload: TT connect failed [BROKER_AUTH_INVALID]: Couldn't parse response: {'error_code': 'invalid_grant', 'error_description': 'Invalid JWT'}
2026-07-09 23:40:05 [trader_server.api.tastytrade] ERROR: TastytradeBroker connect failed [BROKER_AUTH_INVALID]: Couldn't parse response: {'error_code': 'invalid_grant', 'error_description': 'Invalid JWT'}
2026-07-09 23:40:05 [trader_server.config_sync] ERROR: _do_hot_reload: TT connect failed [BROKER_AUTH_INVALID]: Couldn't parse response: {'error_code': 'invalid_grant', 'error_description': 'Invalid JWT'}
2026-07-10 00:11:37 [trader_server.api.tastytrade] ERROR: TastytradeBroker connect failed [BROKER_AUTH_INVALID]: Couldn't parse response: {'error_code': 'invalid_grant', 'error_description': 'Invalid JWT'}
2026-07-10 00:11:37 [trader_server.config_sync] ERROR: _do_hot_reload: TT connect failed [BROKER_AUTH_INVALID]: Couldn't parse response: {'error_code': 'invalid_grant', 'error_description': 'Invalid JWT'}
2026-07-10 00:11:44 [trader_server.api.tastytrade] ERROR: TastytradeBroker connect failed [BROKER_AUTH_INVALID]: Couldn't parse response: {'error_code': 'invalid_grant', 'error_description': 'Invalid JWT'}
2026-07-10 00:11:44 [trader_server.config_sync] ERROR: _do_hot_reload: TT connect failed [BROKER_AUTH_INVALID]: Couldn't parse response: {'error_code': 'invalid_grant', 'error_description': 'Invalid JWT'}
2026-07-10 01:36:38 [trader_server.api.tastytrade] ERROR: TastytradeBroker connect failed [BROKER_AUTH_INVALID]: Couldn't parse response: {'error_code': 'invalid_grant', 'error_description': 'Invalid JWT'}
2026-07-10 01:36:38 [trader_server.config_sync] ERROR: _do_hot_reload: TT connect failed [BROKER_AUTH_INVALID]: Couldn't parse response: {'error_code': 'invalid_grant', 'error_description': 'Invalid JWT'}
2026-07-10 01:37:07 [trader_server.api.tastytrade] ERROR: TastytradeBroker connect failed [BROKER_AUTH_INVALID]: Couldn't parse response: {'error_code': 'invalid_grant', 'error_description': 'Invalid JWT'}
2026-07-10 01:37:07 [trader_server.config_sync] ERROR: _do_hot_reload: TT connect failed [BROKER_AUTH_INVALID]: Couldn't parse response: {'error_code': 'invalid_grant', 'error_description': 'Invalid JWT'}
2026-07-10 01:39:36 [trader_server.api.tastytrade] ERROR: TastytradeBroker connect failed [BROKER_AUTH_INVALID]: Couldn't parse response: {'error_code': 'invalid_grant', 'error_description': 'Invalid JWT'}
2026-07-10 01:39:36 [trader_server.config_sync] ERROR: _do_hot_reload: TT connect failed [BROKER_AUTH_INVALID]: Couldn't parse response: {'error_code': 'invalid_grant', 'error_description': 'Invalid JWT'}
2026-07-10 01:45:55 [trader_server.api.tastytrade] ERROR: TastytradeBroker connect failed [BROKER_AUTH_INVALID]: Couldn't parse response: {'error_code': 'invalid_grant', 'error_description': 'Invalid JWT'}
2026-07-10 01:45:55 [trader_server.config_sync] ERROR: _do_hot_reload: TT connect failed [BROKER_AUTH_INVALID]: Couldn't parse response: {'error_code': 'invalid_grant', 'error_description': 'Invalid JWT'}
2026-07-10 02:31:25 [trader_server.api.tastytrade] ERROR: TastytradeBroker connect failed [BROKER_AUTH_INVALID]: Couldn't parse response: {'error_code': 'invalid_grant', 'error_description': 'Invalid JWT'}
2026-07-10 02:31:25 [trader_server.config_sync] ERROR: _do_hot_reload: TT connect failed [BROKER_AUTH_INVALID]: Couldn't parse response: {'error_code': 'invalid_grant', 'error_description': 'Invalid JWT'}
2026-07-10 02:31:34 [trader_server.api.tastytrade] ERROR: TastytradeBroker connect failed [BROKER_AUTH_INVALID]: Couldn't parse response: {'error_code': 'invalid_grant', 'error_description': 'Invalid JWT'}
2026-07-10 02:31:34 [trader_server.config_sync] ERROR: _do_hot_reload: TT connect failed [BROKER_AUTH_INVALID]: Couldn't parse response: {'error_code': 'invalid_grant', 'error_description': 'Invalid JWT'}
2026-07-10 02:32:30 [trader_server.api.tastytrade] ERROR: TastytradeBroker connect failed [BROKER_AUTH_INVALID]: Couldn't parse response: {'error_code': 'invalid_grant', 'error_description': 'Invalid JWT'}
2026-07-10 02:32:30 [trader_server.config_sync] ERROR: _do_hot_reload: TT connect failed [BROKER_AUTH_INVALID]: Couldn't parse response: {'error_code': 'invalid_grant', 'error_description': 'Invalid JWT'}
2026-07-10 02:32:50 [trader_server.api.tastytrade] ERROR: TastytradeBroker connect failed [BROKER_AUTH_INVALID]: Couldn't parse response: {'error_code': 'invalid_grant', 'error_description': 'Invalid JWT'}
2026-07-10 02:32:50 [trader_server.config_sync] ERROR: _do_hot_reload: TT connect failed [BROKER_AUTH_INVALID]: Couldn't parse response: {'error_code': 'invalid_grant', 'error_description': 'Invalid JWT'}
2026-07-10 02:37:16 [trader_server.api.tastytrade] ERROR: TastytradeBroker connect failed [BROKER_AUTH_INVALID]: Couldn't parse response: {'error_code': 'invalid_grant', 'error_description': 'Invalid JWT'}
2026-07-10 02:37:16 [trader_server.config_sync] ERROR: _do_hot_reload: TT connect failed [BROKER_AUTH_INVALID]: Couldn't parse response: {'error_code': 'invalid_grant', 'error_description': 'Invalid JWT'}
2026-07-10 02:37:20 [trader_server.api.tastytrade] ERROR: TastytradeBroker connect failed [BROKER_AUTH_INVALID]: Couldn't parse response: {'error_code': 'invalid_grant', 'error_description': 'Invalid JWT'}
2026-07-10 02:37:20 [trader_server.config_sync] ERROR: _do_hot_reload: TT connect failed [BROKER_AUTH_INVALID]: Couldn't parse response: {'error_code': 'invalid_grant', 'error_description': 'Invalid JWT'}
2026-07-13 02:50:08 [trader_server.registration] ERROR: Ping failed: <urlopen error [WinError 10061] 由于目标计算机积极拒绝，无法连接。>
2026-07-14 23:35:22 [trader_server.api.tastytrade] ERROR: TastytradeBroker connect failed [BROKER_AUTH_INVALID]: Couldn't parse response: {'error_code': 'invalid_grant', 'error_description': 'Invalid JWT'}
2026-07-14 23:35:22 [trader_server.config_sync] ERROR: _do_hot_reload: TT connect failed [BROKER_AUTH_INVALID]: Couldn't parse response: {'error_code': 'invalid_grant', 'error_description': 'Invalid JWT'}
2026-07-14 23:38:28 [trader_server.api.tastytrade] ERROR: TastytradeBroker connect failed [BROKER_AUTH_INVALID]: Couldn't parse response: {'error_code': 'invalid_grant', 'error_description': 'Invalid JWT'}
2026-07-14 23:38:28 [trader_server.config_sync] ERROR: _do_hot_reload: TT connect failed [BROKER_AUTH_INVALID]: Couldn't parse response: {'error_code': 'invalid_grant', 'error_description': 'Invalid JWT'}
2026-07-16 01:37:04 [trader_server.quote_provider] ERROR: [sess_77a3afeeb2ba6a3d] SUBSCRIBE error: [SSL: CERTIFICATE_VERIFY_FAILED] certificate verify failed: unable to get local issuer certificate (_ssl.c:1006)
2026-07-16 01:38:20 [trader_server.api.tastytrade] ERROR: TastytradeBroker connect failed [BROKER_AUTH_INVALID]: Couldn't parse response: {'error_code': 'invalid_grant', 'error_description': 'Refresh token mismatch'}
2026-07-16 01:38:20 [trader_server.config_sync] ERROR: _do_hot_reload: TT connect failed [BROKER_AUTH_INVALID]: Couldn't parse response: {'error_code': 'invalid_grant', 'error_description': 'Refresh token mismatch'}
2026-07-16 01:38:26 [trader_server.api.tastytrade] ERROR: TastytradeBroker connect failed [BROKER_AUTH_INVALID]: Couldn't parse response: {'error_code': 'invalid_grant', 'error_description': 'Refresh token mismatch'}
2026-07-16 01:38:26 [trader_server.config_sync] ERROR: _do_hot_reload: TT connect failed [BROKER_AUTH_INVALID]: Couldn't parse response: {'error_code': 'invalid_grant', 'error_description': 'Refresh token mismatch'}
2026-07-16 01:41:10 [trader_server.api.tastytrade] ERROR: TastytradeBroker connect failed [BROKER_AUTH_INVALID]: Couldn't parse response: {'error_code': 'invalid_grant', 'error_description': 'Invalid JWT'}
2026-07-16 01:41:10 [trader_server.config_sync] ERROR: _do_hot_reload: TT connect failed [BROKER_AUTH_INVALID]: Couldn't parse response: {'error_code': 'invalid_grant', 'error_description': 'Invalid JWT'}
2026-07-16 02:32:57 [trader_server.api.tastytrade] ERROR: TastytradeBroker connect failed [BROKER_CONNECT_FAILED]: Invalid login, please check your username and password. Unique customer support identifier: 8248a2cc8f563422cf021db6a52a1f90
2026-07-16 02:33:02 [trader_server.api.tastytrade] ERROR: TastytradeBroker connect failed [BROKER_CONNECT_FAILED]: Invalid login, please check your username and password. Unique customer support identifier: 70d71166d1999d1fae45b89c98e287d2
2026-07-16 02:37:12 [trader_server.api.tastytrade] ERROR: TastytradeBroker connect failed [BROKER_AUTH_INVALID]: Invalid login, please check your username and password. Unique customer support identifier: 72cf16e7fd0202d61a21c8d78249c0ca
2026-07-16 02:52:20 [trader_server.api.tastytrade] ERROR: TastytradeBroker connect failed [BROKER_CONNECT_FAILED]: Your login has been temporarily locked for 15 minutes due to excessive failed attempts. Unique customer support identifier: 24303be517d9c066cb3206f0e0488449
2026-07-16 02:52:27 [trader_server.api.tastytrade] ERROR: TastytradeBroker connect failed [BROKER_CONNECT_FAILED]: Your login has been temporarily locked for 15 minutes due to excessive failed attempts. Unique customer support identifier: b950e2c85797a01a6d1c7d0458c19a07
2026-07-16 02:52:44 [trader_server.api.tastytrade] ERROR: TastytradeBroker connect failed [BROKER_AUTH_INVALID]: Invalid login, please check your username and password. Unique customer support identifier: f66353f2ab2b48b46c15942c26623659
2026-07-16 02:54:23 [trader_server.api.tastytrade] ERROR: TastytradeBroker connect failed [BROKER_AUTH_INVALID]: Invalid login, please check your username and password. Unique customer support identifier: 9587425bab35b13fcb5fa6fcc7e7199e
2026-07-16 03:06:55 [trader_server.api.tastytrade] ERROR: TastytradeBroker connect failed [BROKER_CONNECT_FAILED]: Your login has been temporarily locked for 15 minutes due to excessive failed attempts. Unique customer support identifier: 2428b445823f77aaa400882c07ffda69
2026-07-16 03:06:58 [trader_server.api.tastytrade] ERROR: TastytradeBroker connect failed [BROKER_CONNECT_FAILED]: Your login has been temporarily locked for 15 minutes due to excessive failed attempts. Unique customer support identifier: b40c9c98f3e3ba9074c7e6b22ac44a47
2026-07-16 03:10:52 [trader_server.api.tastytrade] ERROR: TastytradeBroker connect failed [BROKER_CONNECT_FAILED]: Your login has been temporarily locked for 15 minutes due to excessive failed attempts. Unique customer support identifier: 0800cbb30516fd216cb50609f84766ab
2026-07-16 03:11:04 [trader_server.api.tastytrade] ERROR: TastytradeBroker connect failed [BROKER_CONNECT_FAILED]: Your login has been temporarily locked for 15 minutes due to excessive failed attempts. Unique customer support identifier: bf735ec6a10acde0af28c5d9f147daca
2026-07-20 02:23:47 [trader_server.api.tastytrade] ERROR: TastytradeBroker connect failed [BROKER_AUTH_INVALID]: Invalid login, please check your username and password. Unique customer support identifier: b96ce9996f89deda34b40d98adeb07cb
